<?xml version="1.0" encoding="UTF-8"?>
<testng-results skipped="0" failed="2" ignored="0" total="4" passed="2">
  <reporter-output>
  </reporter-output>
  <suite name="Default suite" duration-ms="94126" started-at="2020-06-21T10:51:23 EET" finished-at="2020-06-21T10:52:57 EET">
    <groups>
    </groups>
    <test name="Default test" duration-ms="94126" started-at="2020-06-21T10:51:23 EET" finished-at="2020-06-21T10:52:57 EET">
      <class name="com.flairstech.GUI.tests.OtlobTesting">
        <test-method status="PASS" signature="beforeClass()[pri:0, instance:com.flairstech.GUI.tests.OtlobTesting@1f7030a6]" name="beforeClass" is-config="true" duration-ms="302" started-at="2020-06-21T10:51:23 EET" finished-at="2020-06-21T10:51:23 EET">
          <reporter-output>
          </reporter-output>
        </test-method> <!-- beforeClass -->
        <test-method status="PASS" signature="beforeMethod()[pri:0, instance:com.flairstech.GUI.tests.OtlobTesting@1f7030a6]" name="beforeMethod" is-config="true" duration-ms="5541" started-at="2020-06-21T10:51:23 EET" finished-at="2020-06-21T10:51:28 EET">
          <reporter-output>
          </reporter-output>
        </test-method> <!-- beforeMethod -->
        <test-method status="PASS" signature="searchRestaurant_by_cusinieTypeAndLocation()[pri:0, instance:com.flairstech.GUI.tests.OtlobTesting@1f7030a6]" name="searchRestaurant_by_cusinieTypeAndLocation" duration-ms="3520" started-at="2020-06-21T10:51:28 EET" finished-at="2020-06-21T10:51:32 EET">
          <reporter-output>
          </reporter-output>
        </test-method> <!-- searchRestaurant_by_cusinieTypeAndLocation -->
        <test-method status="PASS" signature="afterMethod(org.testng.ITestResult)[pri:0, instance:com.flairstech.GUI.tests.OtlobTesting@1f7030a6]" name="afterMethod" is-config="true" duration-ms="133" started-at="2020-06-21T10:51:32 EET" finished-at="2020-06-21T10:51:32 EET">
          <params>
            <param index="0">
              <value>
                <![CDATA[[TestResult name=searchRestaurant_by_cusinieTypeAndLocation status=SUCCESS method=OtlobTesting.searchRestaurant_by_cusinieTypeAndLocation()[pri:0, instance:com.flairstech.GUI.tests.OtlobTesting@1f7030a6] output={null}]]]>
              </value>
            </param>
          </params>
          <reporter-output>
          </reporter-output>
        </test-method> <!-- afterMethod -->
        <test-method status="PASS" signature="beforeMethod()[pri:0, instance:com.flairstech.GUI.tests.OtlobTesting@1f7030a6]" name="beforeMethod" is-config="true" duration-ms="3991" started-at="2020-06-21T10:51:32 EET" finished-at="2020-06-21T10:51:36 EET">
          <reporter-output>
          </reporter-output>
        </test-method> <!-- beforeMethod -->
        <test-method status="FAIL" signature="submitSuccessfulFeedbackWithoutLogin()[pri:0, instance:com.flairstech.GUI.tests.OtlobTesting@1f7030a6]" name="submitSuccessfulFeedbackWithoutLogin" duration-ms="32578" started-at="2020-06-21T10:51:36 EET" finished-at="2020-06-21T10:52:09 EET">
          <exception class="org.openqa.selenium.TimeoutException">
            <message>
              <![CDATA[Expected condition failed: waiting for element to be clickable: By.xpath: //div[@class='rc-anchor-center-item rc-anchor-checkbox-holder'] (tried for 30 second(s) with 500 milliseconds interval)]]>
            </message>
            <full-stacktrace>
              <![CDATA[org.openqa.selenium.TimeoutException: Expected condition failed: waiting for element to be clickable: By.xpath: //div[@class='rc-anchor-center-item rc-anchor-checkbox-holder'] (tried for 30 second(s) with 500 milliseconds interval)
at org.openqa.selenium.support.ui.WebDriverWait.timeoutException(WebDriverWait.java:95)
at org.openqa.selenium.support.ui.FluentWait.until(FluentWait.java:272)
at com.flairstech.base.PageBase.wait_until_element_clickable(PageBase.java:21)
at com.flairstech.framework.ElementActions.clickElement(ElementActions.java:32)
at com.flairstech.PageObjectModel.GUI.CustomerFeedbackPage.sumbitFeedBack(CustomerFeedbackPage.java:40)
at com.flairstech.GUI.tests.OtlobTesting.submitSuccessfulFeedbackWithoutLogin(OtlobTesting.java:68)
at sun.reflect.NativeMethodAccessorImpl.invoke0(Native Method)
at sun.reflect.NativeMethodAccessorImpl.invoke(NativeMethodAccessorImpl.java:62)
at sun.reflect.DelegatingMethodAccessorImpl.invoke(DelegatingMethodAccessorImpl.java:43)
at java.lang.reflect.Method.invoke(Method.java:498)
at org.testng.internal.MethodInvocationHelper.invokeMethod(MethodInvocationHelper.java:134)
at org.testng.internal.TestInvoker.invokeMethod(TestInvoker.java:597)
at org.testng.internal.TestInvoker.invokeTestMethod(TestInvoker.java:173)
at org.testng.internal.MethodRunner.runInSequence(MethodRunner.java:46)
at org.testng.internal.TestInvoker$MethodInvocationAgent.invoke(TestInvoker.java:816)
at org.testng.internal.TestInvoker.invokeTestMethods(TestInvoker.java:146)
at org.testng.internal.TestMethodWorker.invokeTestMethods(TestMethodWorker.java:146)
at org.testng.internal.TestMethodWorker.run(TestMethodWorker.java:128)
at java.util.ArrayList.forEach(ArrayList.java:1257)
at org.testng.TestRunner.privateRun(TestRunner.java:766)
at org.testng.TestRunner.run(TestRunner.java:587)
at org.testng.SuiteRunner.runTest(SuiteRunner.java:384)
at org.testng.SuiteRunner.runSequentially(SuiteRunner.java:378)
at org.testng.SuiteRunner.privateRun(SuiteRunner.java:337)
at org.testng.SuiteRunner.run(SuiteRunner.java:286)
at org.testng.SuiteRunnerWorker.runSuite(SuiteRunnerWorker.java:53)
at org.testng.SuiteRunnerWorker.run(SuiteRunnerWorker.java:96)
at org.testng.TestNG.runSuitesSequentially(TestNG.java:1187)
at org.testng.TestNG.runSuitesLocally(TestNG.java:1109)
at org.testng.TestNG.runSuites(TestNG.java:1039)
at org.testng.TestNG.run(TestNG.java:1007)
at org.testng.remote.AbstractRemoteTestNG.run(AbstractRemoteTestNG.java:115)
at org.testng.remote.RemoteTestNG.initAndRun(RemoteTestNG.java:251)
at org.testng.remote.RemoteTestNG.main(RemoteTestNG.java:77)
Caused by: org.openqa.selenium.NoSuchElementException: no such element: Unable to locate element: {"method":"xpath","selector":"//div[@class='rc-anchor-center-item rc-anchor-checkbox-holder']"}
  (Session info: chrome=83.0.4103.106)
For documentation on this error, please visit: https://www.seleniumhq.org/exceptions/no_such_element.html
Build info: version: '3.141.59', revision: 'e82be7d358', time: '2018-11-14T08:17:03'
System info: host: 'SarahSaloumMacBook.local', ip: '2c0f:fc89:3e:fc5a:6db6:8c89:478f:dd46%en0', os.name: 'Mac OS X', os.arch: 'x86_64', os.version: '10.14.6', java.version: '1.8.0_221'
Driver info: org.openqa.selenium.chrome.ChromeDriver
Capabilities {acceptInsecureCerts: false, browserName: chrome, browserVersion: 83.0.4103.106, chrome: {chromedriverVersion: 83.0.4103.39 (ccbf011cb2d2b..., userDataDir: /var/folders/dx/m7kpd5mx57b...}, goog:chromeOptions: {debuggerAddress: localhost:50535}, javascriptEnabled: true, networkConnectionEnabled: false, pageLoadStrategy: normal, platform: MAC, platformName: MAC, proxy: Proxy(), setWindowRect: true, strictFileInteractability: false, timeouts: {implicit: 0, pageLoad: 300000, script: 30000}, unhandledPromptBehavior: dismiss and notify, webauthn:virtualAuthenticators: true}
Session ID: 760cf60102d13fa4aba66b80195c29fb
*** Element info: {Using=xpath, value=//div[@class='rc-anchor-center-item rc-anchor-checkbox-holder']}
at sun.reflect.GeneratedConstructorAccessor23.newInstance(Unknown Source)
at sun.reflect.DelegatingConstructorAccessorImpl.newInstance(DelegatingConstructorAccessorImpl.java:45)
at java.lang.reflect.Constructor.newInstance(Constructor.java:423)
at org.openqa.selenium.remote.http.W3CHttpResponseCodec.createException(W3CHttpResponseCodec.java:187)
at org.openqa.selenium.remote.http.W3CHttpResponseCodec.decode(W3CHttpResponseCodec.java:122)
at org.openqa.selenium.remote.http.W3CHttpResponseCodec.decode(W3CHttpResponseCodec.java:49)
at org.openqa.selenium.remote.HttpCommandExecutor.execute(HttpCommandExecutor.java:158)
at org.openqa.selenium.remote.service.DriverCommandExecutor.execute(DriverCommandExecutor.java:83)
at org.openqa.selenium.remote.RemoteWebDriver.execute(RemoteWebDriver.java:552)
at org.openqa.selenium.remote.RemoteWebDriver.findElement(RemoteWebDriver.java:323)
at org.openqa.selenium.remote.RemoteWebDriver.findElementByXPath(RemoteWebDriver.java:428)
at org.openqa.selenium.By$ByXPath.findElement(By.java:353)
at org.openqa.selenium.remote.RemoteWebDriver.findElement(RemoteWebDriver.java:315)
at org.openqa.selenium.support.ui.ExpectedConditions$7.apply(ExpectedConditions.java:205)
at org.openqa.selenium.support.ui.ExpectedConditions$7.apply(ExpectedConditions.java:201)
at org.openqa.selenium.support.ui.ExpectedConditions$22.apply(ExpectedConditions.java:641)
at org.openqa.selenium.support.ui.ExpectedConditions$22.apply(ExpectedConditions.java:638)
at org.openqa.selenium.support.ui.FluentWait.until(FluentWait.java:249)
... 32 more
]]>
            </full-stacktrace>
          </exception> <!-- org.openqa.selenium.TimeoutException -->
          <reporter-output>
          </reporter-output>
        </test-method> <!-- submitSuccessfulFeedbackWithoutLogin -->
        <test-method status="PASS" signature="afterMethod(org.testng.ITestResult)[pri:0, instance:com.flairstech.GUI.tests.OtlobTesting@1f7030a6]" name="afterMethod" is-config="true" duration-ms="118" started-at="2020-06-21T10:52:09 EET" finished-at="2020-06-21T10:52:09 EET">
          <params>
            <param index="0">
              <value>
                <![CDATA[[TestResult name=submitSuccessfulFeedbackWithoutLogin status=FAILURE method=OtlobTesting.submitSuccessfulFeedbackWithoutLogin()[pri:0, instance:com.flairstech.GUI.tests.OtlobTesting@1f7030a6] output={null}]]]>
              </value>
            </param>
          </params>
          <reporter-output>
          </reporter-output>
        </test-method> <!-- afterMethod -->
        <test-method status="PASS" signature="beforeMethod()[pri:0, instance:com.flairstech.GUI.tests.OtlobTesting@1f7030a6]" name="beforeMethod" is-config="true" duration-ms="5028" started-at="2020-06-21T10:52:09 EET" finished-at="2020-06-21T10:52:14 EET">
          <reporter-output>
          </reporter-output>
        </test-method> <!-- beforeMethod -->
        <test-method status="PASS" signature="userChangeAccountDetails()[pri:0, instance:com.flairstech.GUI.tests.OtlobTesting@1f7030a6]" name="userChangeAccountDetails" duration-ms="5681" started-at="2020-06-21T10:52:14 EET" finished-at="2020-06-21T10:52:19 EET">
          <reporter-output>
          </reporter-output>
        </test-method> <!-- userChangeAccountDetails -->
        <test-method status="PASS" signature="afterMethod(org.testng.ITestResult)[pri:0, instance:com.flairstech.GUI.tests.OtlobTesting@1f7030a6]" name="afterMethod" is-config="true" duration-ms="129" started-at="2020-06-21T10:52:19 EET" finished-at="2020-06-21T10:52:20 EET">
          <params>
            <param index="0">
              <value>
                <![CDATA[[TestResult name=userChangeAccountDetails status=SUCCESS method=OtlobTesting.userChangeAccountDetails()[pri:0, instance:com.flairstech.GUI.tests.OtlobTesting@1f7030a6] output={null}]]]>
              </value>
            </param>
          </params>
          <reporter-output>
          </reporter-output>
        </test-method> <!-- afterMethod -->
        <test-method status="PASS" signature="beforeMethod()[pri:0, instance:com.flairstech.GUI.tests.OtlobTesting@1f7030a6]" name="beforeMethod" is-config="true" duration-ms="3995" started-at="2020-06-21T10:52:20 EET" finished-at="2020-06-21T10:52:24 EET">
          <reporter-output>
          </reporter-output>
        </test-method> <!-- beforeMethod -->
        <test-method status="FAIL" signature="userPlaceOrderOfferFromResutrantNotInHisArea()[pri:0, instance:com.flairstech.GUI.tests.OtlobTesting@1f7030a6]" name="userPlaceOrderOfferFromResutrantNotInHisArea" duration-ms="32728" started-at="2020-06-21T10:52:24 EET" finished-at="2020-06-21T10:52:56 EET">
          <exception class="org.openqa.selenium.TimeoutException">
            <message>
              <![CDATA[Expected condition failed: waiting for element to be clickable: By.xpath: (//b[text()= '3amo Hesham'])[1] (tried for 30 second(s) with 500 milliseconds interval)]]>
            </message>
            <full-stacktrace>
              <![CDATA[org.openqa.selenium.TimeoutException: Expected condition failed: waiting for element to be clickable: By.xpath: (//b[text()= '3amo Hesham'])[1] (tried for 30 second(s) with 500 milliseconds interval)
at org.openqa.selenium.support.ui.WebDriverWait.timeoutException(WebDriverWait.java:95)
at org.openqa.selenium.support.ui.FluentWait.until(FluentWait.java:272)
at com.flairstech.base.PageBase.wait_until_element_clickable(PageBase.java:21)
at com.flairstech.framework.ElementActions.clickElement(ElementActions.java:32)
at com.flairstech.PageObjectModel.GUI.OffersPage.selectOffer(OffersPage.java:19)
at com.flairstech.GUI.tests.OtlobTesting.userPlaceOrderOfferFromResutrantNotInHisArea(OtlobTesting.java:47)
at sun.reflect.NativeMethodAccessorImpl.invoke0(Native Method)
at sun.reflect.NativeMethodAccessorImpl.invoke(NativeMethodAccessorImpl.java:62)
at sun.reflect.DelegatingMethodAccessorImpl.invoke(DelegatingMethodAccessorImpl.java:43)
at java.lang.reflect.Method.invoke(Method.java:498)
at org.testng.internal.MethodInvocationHelper.invokeMethod(MethodInvocationHelper.java:134)
at org.testng.internal.TestInvoker.invokeMethod(TestInvoker.java:597)
at org.testng.internal.TestInvoker.invokeTestMethod(TestInvoker.java:173)
at org.testng.internal.MethodRunner.runInSequence(MethodRunner.java:46)
at org.testng.internal.TestInvoker$MethodInvocationAgent.invoke(TestInvoker.java:816)
at org.testng.internal.TestInvoker.invokeTestMethods(TestInvoker.java:146)
at org.testng.internal.TestMethodWorker.invokeTestMethods(TestMethodWorker.java:146)
at org.testng.internal.TestMethodWorker.run(TestMethodWorker.java:128)
at java.util.ArrayList.forEach(ArrayList.java:1257)
at org.testng.TestRunner.privateRun(TestRunner.java:766)
at org.testng.TestRunner.run(TestRunner.java:587)
at org.testng.SuiteRunner.runTest(SuiteRunner.java:384)
at org.testng.SuiteRunner.runSequentially(SuiteRunner.java:378)
at org.testng.SuiteRunner.privateRun(SuiteRunner.java:337)
at org.testng.SuiteRunner.run(SuiteRunner.java:286)
at org.testng.SuiteRunnerWorker.runSuite(SuiteRunnerWorker.java:53)
at org.testng.SuiteRunnerWorker.run(SuiteRunnerWorker.java:96)
at org.testng.TestNG.runSuitesSequentially(TestNG.java:1187)
at org.testng.TestNG.runSuitesLocally(TestNG.java:1109)
at org.testng.TestNG.runSuites(TestNG.java:1039)
at org.testng.TestNG.run(TestNG.java:1007)
at org.testng.remote.AbstractRemoteTestNG.run(AbstractRemoteTestNG.java:115)
at org.testng.remote.RemoteTestNG.initAndRun(RemoteTestNG.java:251)
at org.testng.remote.RemoteTestNG.main(RemoteTestNG.java:77)
Caused by: org.openqa.selenium.NoSuchElementException: no such element: Unable to locate element: {"method":"xpath","selector":"(//b[text()= '3amo Hesham'])[1]"}
  (Session info: chrome=83.0.4103.106)
For documentation on this error, please visit: https://www.seleniumhq.org/exceptions/no_such_element.html
Build info: version: '3.141.59', revision: 'e82be7d358', time: '2018-11-14T08:17:03'
System info: host: 'SarahSaloumMacBook.local', ip: '2c0f:fc89:3e:fc5a:6db6:8c89:478f:dd46%en0', os.name: 'Mac OS X', os.arch: 'x86_64', os.version: '10.14.6', java.version: '1.8.0_221'
Driver info: org.openqa.selenium.chrome.ChromeDriver
Capabilities {acceptInsecureCerts: false, browserName: chrome, browserVersion: 83.0.4103.106, chrome: {chromedriverVersion: 83.0.4103.39 (ccbf011cb2d2b..., userDataDir: /var/folders/dx/m7kpd5mx57b...}, goog:chromeOptions: {debuggerAddress: localhost:50704}, javascriptEnabled: true, networkConnectionEnabled: false, pageLoadStrategy: normal, platform: MAC, platformName: MAC, proxy: Proxy(), setWindowRect: true, strictFileInteractability: false, timeouts: {implicit: 0, pageLoad: 300000, script: 30000}, unhandledPromptBehavior: dismiss and notify, webauthn:virtualAuthenticators: true}
Session ID: ca0a565cc9445f0e9e674c7b045f1259
*** Element info: {Using=xpath, value=(//b[text()= '3amo Hesham'])[1]}
at sun.reflect.GeneratedConstructorAccessor23.newInstance(Unknown Source)
at sun.reflect.DelegatingConstructorAccessorImpl.newInstance(DelegatingConstructorAccessorImpl.java:45)
at java.lang.reflect.Constructor.newInstance(Constructor.java:423)
at org.openqa.selenium.remote.http.W3CHttpResponseCodec.createException(W3CHttpResponseCodec.java:187)
at org.openqa.selenium.remote.http.W3CHttpResponseCodec.decode(W3CHttpResponseCodec.java:122)
at org.openqa.selenium.remote.http.W3CHttpResponseCodec.decode(W3CHttpResponseCodec.java:49)
at org.openqa.selenium.remote.HttpCommandExecutor.execute(HttpCommandExecutor.java:158)
at org.openqa.selenium.remote.service.DriverCommandExecutor.execute(DriverCommandExecutor.java:83)
at org.openqa.selenium.remote.RemoteWebDriver.execute(RemoteWebDriver.java:552)
at org.openqa.selenium.remote.RemoteWebDriver.findElement(RemoteWebDriver.java:323)
at org.openqa.selenium.remote.RemoteWebDriver.findElementByXPath(RemoteWebDriver.java:428)
at org.openqa.selenium.By$ByXPath.findElement(By.java:353)
at org.openqa.selenium.remote.RemoteWebDriver.findElement(RemoteWebDriver.java:315)
at org.openqa.selenium.support.ui.ExpectedConditions$7.apply(ExpectedConditions.java:205)
at org.openqa.selenium.support.ui.ExpectedConditions$7.apply(ExpectedConditions.java:201)
at org.openqa.selenium.support.ui.ExpectedConditions$22.apply(ExpectedConditions.java:641)
at org.openqa.selenium.support.ui.ExpectedConditions$22.apply(ExpectedConditions.java:638)
at org.openqa.selenium.support.ui.FluentWait.until(FluentWait.java:249)
... 32 more
]]>
            </full-stacktrace>
          </exception> <!-- org.openqa.selenium.TimeoutException -->
          <reporter-output>
          </reporter-output>
        </test-method> <!-- userPlaceOrderOfferFromResutrantNotInHisArea -->
        <test-method status="PASS" signature="afterMethod(org.testng.ITestResult)[pri:0, instance:com.flairstech.GUI.tests.OtlobTesting@1f7030a6]" name="afterMethod" is-config="true" duration-ms="124" started-at="2020-06-21T10:52:56 EET" finished-at="2020-06-21T10:52:56 EET">
          <params>
            <param index="0">
              <value>
                <![CDATA[[TestResult name=userPlaceOrderOfferFromResutrantNotInHisArea status=FAILURE method=OtlobTesting.userPlaceOrderOfferFromResutrantNotInHisArea()[pri:0, instance:com.flairstech.GUI.tests.OtlobTesting@1f7030a6] output={null}]]]>
              </value>
            </param>
          </params>
          <reporter-output>
          </reporter-output>
        </test-method> <!-- afterMethod -->
        <test-method status="PASS" signature="afterTest()[pri:0, instance:com.flairstech.GUI.tests.OtlobTesting@1f7030a6]" name="afterTest" is-config="true" duration-ms="226" started-at="2020-06-21T10:52:56 EET" finished-at="2020-06-21T10:52:57 EET">
          <reporter-output>
          </reporter-output>
        </test-method> <!-- afterTest -->
      </class> <!-- com.flairstech.GUI.tests.OtlobTesting -->
    </test> <!-- Default test -->
  </suite> <!-- Default suite -->
</testng-results>
